<?xml version="1.0" encoding="UTF-8"?>
<testng-results ignored="0" total="1" passed="1" failed="0" skipped="0">
  <reporter-output>
  </reporter-output>
  <suite started-at="2022-06-17T09:57:38 WEST" name="com.selenium.exemple.AppTest" finished-at="2022-06-17T09:57:42 WEST" duration-ms="4002">
    <groups>
    </groups>
    <test started-at="2022-06-17T09:57:38 WEST" name="Command line test" finished-at="2022-06-17T09:57:42 WEST" duration-ms="4002">
      <class name="com.selenium.exemple.AppTest">
        <test-method is-config="true" signature="open_browser()[pri:0, instance:com.selenium.exemple.AppTest@60015ef5]" started-at="2022-06-17T09:57:38 WEST" name="open_browser" finished-at="2022-06-17T09:57:41 WEST" duration-ms="3481" status="PASS">
          <reporter-output>
          </reporter-output>
        </test-method> <!-- open_browser -->
        <test-method signature="testing_elements()[pri:0, instance:com.selenium.exemple.AppTest@60015ef5]" started-at="2022-06-17T09:57:41 WEST" name="testing_elements" finished-at="2022-06-17T09:57:42 WEST" duration-ms="430" status="PASS">
          <reporter-output>
          </reporter-output>
        </test-method> <!-- testing_elements -->
      </class> <!-- com.selenium.exemple.AppTest -->
    </test> <!-- Command line test -->
  </suite> <!-- com.selenium.exemple.AppTest -->
</testng-results>
